<?xml version="1.0" encoding="UTF-8"?>
<!-- Generated by org.testng.reporters.JUnitReportReporter -->
<testsuite skipped="0" hostname="PUNITP202483L" name="FrameWorkProject.test2" tests="1" failures="0" timestamp="18 Jul 2019 08:31:33 GMT" time="3.829" errors="0">
  <testcase name="getWeatherByCityId" time="3.829" classname="FrameWorkProject.test2"/>
</testsuite> <!-- FrameWorkProject.test2 -->
