<?xml version="1.0" encoding="UTF-8"?>
<!-- Generated by org.testng.reporters.JUnitReportReporter -->
<testsuite skipped="0" hostname="PUNITP202483L" name="FrameWorkProject.test4" tests="1" failures="0" timestamp="18 Jul 2019 09:25:09 GMT" time="2.681" errors="0">
  <testcase name="createTestStation" time="2.681" classname="FrameWorkProject.test4"/>
</testsuite> <!-- FrameWorkProject.test4 -->
