<?xml version="1.0" encoding="UTF-8"?>
<!-- Generated by org.testng.reporters.JUnitReportReporter -->
<testsuite skipped="0" hostname="PUNITP202483L" name="FrameWorkProject.test3" tests="1" failures="0" timestamp="18 Jul 2019 08:45:12 GMT" time="5.244" errors="0">
  <testcase name="getWeatherBygeography" time="5.244" classname="FrameWorkProject.test3"/>
</testsuite> <!-- FrameWorkProject.test3 -->
