<?xml version="1.0" encoding="UTF-8"?>
<!-- Generated by org.testng.reporters.JUnitReportReporter -->
<testsuite skipped="0" hostname="PUNITP202483L" name="FrameWorkProject.test1" tests="1" failures="0" timestamp="18 Jul 2019 08:13:09 GMT" time="4.897" errors="0">
  <testcase name="emptyCustomerId" time="4.897" classname="FrameWorkProject.test1"/>
</testsuite> <!-- FrameWorkProject.test1 -->
